[debug] [2025-07-14T23:27:56.707Z] ----------------------------------------------------------------------
[debug] [2025-07-14T23:27:56.713Z] Command:       /usr/local/bin/firebase /Users/emjayh/.cache/firebase/tools/lib/node_modules/firebase-tools/lib/bin/firebase deploy
[debug] [2025-07-14T23:27:56.714Z] CLI Version:   14.9.0
[debug] [2025-07-14T23:27:56.714Z] Platform:      darwin
[debug] [2025-07-14T23:27:56.714Z] Node Version:  v20.18.2
[debug] [2025-07-14T23:27:56.714Z] Time:          Mon Jul 14 2025 19:27:56 GMT-0400 (Eastern Daylight Time)
[debug] [2025-07-14T23:27:56.714Z] ----------------------------------------------------------------------
[debug] 
[debug] [2025-07-14T23:27:56.874Z] > command requires scopes: ["email","openid","https://www.googleapis.com/auth/cloudplatformprojects.readonly","https://www.googleapis.com/auth/firebase","https://www.googleapis.com/auth/cloud-platform"]
[debug] [2025-07-14T23:27:56.875Z] > authorizing via signed-in user (emjayh8@gmail.com)
[debug] [2025-07-14T23:27:56.875Z] [iam] checking project xmenscrollsite for permissions ["firebase.projects.get","firebasehosting.sites.update"]
[debug] [2025-07-14T23:27:56.876Z] Checked if tokens are valid: false, expires at: 1752534970878
[debug] [2025-07-14T23:27:56.876Z] Checked if tokens are valid: false, expires at: 1752534970878
[debug] [2025-07-14T23:27:56.876Z] > refreshing access token with scopes: []
[debug] [2025-07-14T23:27:56.877Z] >>> [apiv2][query] POST https://www.googleapis.com/oauth2/v3/token [none]
[debug] [2025-07-14T23:27:56.877Z] >>> [apiv2][body] POST https://www.googleapis.com/oauth2/v3/token [omitted]
[debug] [2025-07-14T23:27:57.075Z] <<< [apiv2][status] POST https://www.googleapis.com/oauth2/v3/token 200
[debug] [2025-07-14T23:27:57.076Z] <<< [apiv2][body] POST https://www.googleapis.com/oauth2/v3/token [omitted]
[debug] [2025-07-14T23:27:57.117Z] >>> [apiv2][query] POST https://cloudresourcemanager.googleapis.com/v1/projects/xmenscrollsite:testIamPermissions [none]
[debug] [2025-07-14T23:27:57.117Z] >>> [apiv2][(partial)header] POST https://cloudresourcemanager.googleapis.com/v1/projects/xmenscrollsite:testIamPermissions x-goog-quota-user=projects/xmenscrollsite
[debug] [2025-07-14T23:27:57.117Z] >>> [apiv2][body] POST https://cloudresourcemanager.googleapis.com/v1/projects/xmenscrollsite:testIamPermissions {"permissions":["firebase.projects.get","firebasehosting.sites.update"]}
[debug] [2025-07-14T23:27:57.350Z] <<< [apiv2][status] POST https://cloudresourcemanager.googleapis.com/v1/projects/xmenscrollsite:testIamPermissions 200
[debug] [2025-07-14T23:27:57.350Z] <<< [apiv2][body] POST https://cloudresourcemanager.googleapis.com/v1/projects/xmenscrollsite:testIamPermissions {"permissions":["firebase.projects.get","firebasehosting.sites.update"]}
[debug] [2025-07-14T23:27:57.350Z] Checked if tokens are valid: true, expires at: 1752539276076
[debug] [2025-07-14T23:27:57.351Z] Checked if tokens are valid: true, expires at: 1752539276076
[debug] [2025-07-14T23:27:57.351Z] >>> [apiv2][query] GET https://firebase.googleapis.com/v1beta1/projects/xmenscrollsite [none]
[debug] [2025-07-14T23:28:27.352Z] *** [apiv2] error from fetch(https://firebase.googleapis.com/v1beta1/projects/xmenscrollsite, {"headers":{},"method":"GET","signal":{}}): AbortError: The user aborted a request.
[debug] [2025-07-14T23:28:27.352Z] Timeout reached making request to https://firebase.googleapis.com/v1beta1/projects/xmenscrollsite (original: The user aborted a request.)
[error] 
[error] Error: Assertion failed: resolving hosting target of a site with no site name or target name. This should have caused an error earlier
[debug] [2025-07-14T23:29:17.265Z] ----------------------------------------------------------------------
[debug] [2025-07-14T23:29:17.267Z] Command:       /usr/local/bin/firebase /Users/emjayh/.cache/firebase/tools/lib/node_modules/firebase-tools/lib/bin/firebase deploy --only hosting
[debug] [2025-07-14T23:29:17.268Z] CLI Version:   14.9.0
[debug] [2025-07-14T23:29:17.268Z] Platform:      darwin
[debug] [2025-07-14T23:29:17.268Z] Node Version:  v20.18.2
[debug] [2025-07-14T23:29:17.268Z] Time:          Mon Jul 14 2025 19:29:17 GMT-0400 (Eastern Daylight Time)
[debug] [2025-07-14T23:29:17.268Z] ----------------------------------------------------------------------
[debug] 
[debug] [2025-07-14T23:29:17.425Z] > command requires scopes: ["email","openid","https://www.googleapis.com/auth/cloudplatformprojects.readonly","https://www.googleapis.com/auth/firebase","https://www.googleapis.com/auth/cloud-platform"]
[debug] [2025-07-14T23:29:17.425Z] > authorizing via signed-in user (emjayh8@gmail.com)
[debug] [2025-07-14T23:29:17.425Z] [iam] checking project xmenscrollsite for permissions ["firebase.projects.get","firebasehosting.sites.update"]
[debug] [2025-07-14T23:29:17.426Z] Checked if tokens are valid: true, expires at: 1752539276076
[debug] [2025-07-14T23:29:17.426Z] Checked if tokens are valid: true, expires at: 1752539276076
[debug] [2025-07-14T23:29:17.427Z] >>> [apiv2][query] POST https://cloudresourcemanager.googleapis.com/v1/projects/xmenscrollsite:testIamPermissions [none]
[debug] [2025-07-14T23:29:17.427Z] >>> [apiv2][(partial)header] POST https://cloudresourcemanager.googleapis.com/v1/projects/xmenscrollsite:testIamPermissions x-goog-quota-user=projects/xmenscrollsite
[debug] [2025-07-14T23:29:17.427Z] >>> [apiv2][body] POST https://cloudresourcemanager.googleapis.com/v1/projects/xmenscrollsite:testIamPermissions {"permissions":["firebase.projects.get","firebasehosting.sites.update"]}
[debug] [2025-07-14T23:29:17.686Z] <<< [apiv2][status] POST https://cloudresourcemanager.googleapis.com/v1/projects/xmenscrollsite:testIamPermissions 200
[debug] [2025-07-14T23:29:17.686Z] <<< [apiv2][body] POST https://cloudresourcemanager.googleapis.com/v1/projects/xmenscrollsite:testIamPermissions {"permissions":["firebase.projects.get","firebasehosting.sites.update"]}
[debug] [2025-07-14T23:29:17.687Z] Checked if tokens are valid: true, expires at: 1752539276076
[debug] [2025-07-14T23:29:17.687Z] Checked if tokens are valid: true, expires at: 1752539276076
[debug] [2025-07-14T23:29:17.687Z] >>> [apiv2][query] GET https://firebase.googleapis.com/v1beta1/projects/xmenscrollsite [none]
[debug] [2025-07-14T23:29:47.688Z] *** [apiv2] error from fetch(https://firebase.googleapis.com/v1beta1/projects/xmenscrollsite, {"headers":{},"method":"GET","signal":{}}): AbortError: The user aborted a request.
[debug] [2025-07-14T23:29:47.689Z] Timeout reached making request to https://firebase.googleapis.com/v1beta1/projects/xmenscrollsite (original: The user aborted a request.)
[error] 
[error] Error: Assertion failed: resolving hosting target of a site with no site name or target name. This should have caused an error earlier
